# JRE version: OpenJDK Runtime Environment (21.0.3) (build 21.0.3+-12282718-b509.11)
# Java VM: OpenJDK 64-Bit Server VM (21.0.3+-12282718-b509.11, mixed mode, tiered, compressed oops, compressed class ptrs, g1 gc, windows-amd64)
GC Precious Log:
 CardTable entry size: 512
 Card Set container configuration: InlinePtr #cards 5 size 8 Array Of Cards #cards 12 size 40 Howl #buckets 4 coarsen threshold 1843 Howl Bitmap #cards 512 size 80 coarsen threshold 460 Card regions per heap region 1 cards per card region 2048
 CPUs: 4 total, 4 available
 Memory: 3918M
 Large Page Support: Disabled
 NUMA Support: Disabled
 Compressed Oops: Enabled (32-bit)
 Heap Region Size: 1M
 Heap Min Capacity: 8M
 Heap Initial Capacity: 62M
 Heap Max Capacity: 980M
 Pre-touch: Disabled
 Parallel Workers: 4
 Concurrent Workers: 1
 Concurrent Refinement Workers: 4
 Periodic GC: Disabled
Heap:
 garbage-first heap   total 43008K, used 33058K [0x00000000c2c00000, 0x0000000100000000)
  region size 1024K, 14 young (14336K), 2 survivors (2048K)
 Metaspace       used 35047K, committed 35264K, reserved 1114112K
  class space    used 4262K, committed 4352K, reserved 1048576K
GC Heap History (14 events):
Event: 4.393 GC heap before
{Heap before GC invocations=0 (full 0):
 garbage-first heap   total 63488K, used 16384K [0x00000000c2c00000, 0x0000000100000000)
  region size 1024K, 13 young (13312K), 0 survivors (0K)
 Metaspace       used 11820K, committed 11968K, reserved 1114112K
  class space    used 1038K, committed 1152K, reserved 1048576K
}
Event: 4.501 GC heap after
{Heap after GC invocations=1 (full 0):
 garbage-first heap   total 63488K, used 5460K [0x00000000c2c00000, 0x0000000100000000)
  region size 1024K, 2 young (2048K), 2 survivors (2048K)
 Metaspace       used 11820K, committed 11968K, reserved 1114112K
  class space    used 1038K, committed 1152K, reserved 1048576K
}
Event: 9.777 GC heap before
{Heap before GC invocations=1 (full 0):
 garbage-first heap   total 63488K, used 21844K [0x00000000c2c00000, 0x0000000100000000)
  region size 1024K, 18 young (18432K), 2 survivors (2048K)
 Metaspace       used 16764K, committed 17024K, reserved 1114112K
  class space    used 1662K, committed 1792K, reserved 1048576K
}
Event: 9.784 GC heap after
{Heap after GC invocations=2 (full 0):
 garbage-first heap   total 63488K, used 6414K [0x00000000c2c00000, 0x0000000100000000)
  region size 1024K, 1 young (1024K), 1 survivors (1024K)
 Metaspace       used 16764K, committed 17024K, reserved 1114112K
  class space    used 1662K, committed 1792K, reserved 1048576K
}
Event: 13.105 GC heap before
{Heap before GC invocations=2 (full 0):
 garbage-first heap   total 63488K, used 19726K [0x00000000c2c00000, 0x0000000100000000)
  region size 1024K, 15 young (15360K), 1 survivors (1024K)
 Metaspace       used 21316K, committed 21504K, reserved 1114112K
  class space    used 2214K, committed 2304K, reserved 1048576K
}
Event: 13.114 GC heap after
{Heap after GC invocations=3 (full 0):
 garbage-first heap   total 63488K, used 6998K [0x00000000c2c00000, 0x0000000100000000)
  region size 1024K, 2 young (2048K), 2 survivors (2048K)
 Metaspace       used 21316K, committed 21504K, reserved 1114112K
  class space    used 2214K, committed 2304K, reserved 1048576K
}
Event: 15.812 GC heap before
{Heap before GC invocations=4 (full 0):
 garbage-first heap   total 30720K, used 29526K [0x00000000c2c00000, 0x0000000100000000)
  region size 1024K, 24 young (24576K), 2 survivors (2048K)
 Metaspace       used 22831K, committed 23168K, reserved 1114112K
  class space    used 2455K, committed 2624K, reserved 1048576K
}
Event: 15.836 GC heap after
{Heap after GC invocations=5 (full 0):
 garbage-first heap   total 41984K, used 16373K [0x00000000c2c00000, 0x0000000100000000)
  region size 1024K, 5 young (5120K), 5 survivors (5120K)
 Metaspace       used 22831K, committed 23168K, reserved 1114112K
  class space    used 2455K, committed 2624K, reserved 1048576K
}
Event: 16.558 GC heap before
{Heap before GC invocations=5 (full 0):
 garbage-first heap   total 41984K, used 30709K [0x00000000c2c00000, 0x0000000100000000)
  region size 1024K, 19 young (19456K), 5 survivors (5120K)
 Metaspace       used 24971K, committed 25280K, reserved 1114112K
  class space    used 2698K, committed 2816K, reserved 1048576K
}
Event: 16.575 GC heap after
{Heap after GC invocations=6 (full 0):
 garbage-first heap   total 41984K, used 19780K [0x00000000c2c00000, 0x0000000100000000)
  region size 1024K, 3 young (3072K), 3 survivors (3072K)
 Metaspace       used 24971K, committed 25280K, reserved 1114112K
  class space    used 2698K, committed 2816K, reserved 1048576K
}
Event: 16.984 GC heap before
{Heap before GC invocations=6 (full 0):
 garbage-first heap   total 41984K, used 31044K [0x00000000c2c00000, 0x0000000100000000)
  region size 1024K, 15 young (15360K), 3 survivors (3072K)
 Metaspace       used 29391K, committed 29696K, reserved 1114112K
  class space    used 3664K, committed 3776K, reserved 1048576K
}
Event: 16.990 GC heap after
{Heap after GC invocations=7 (full 0):
 garbage-first heap   total 41984K, used 20250K [0x00000000c2c00000, 0x0000000100000000)
  region size 1024K, 1 young (1024K), 1 survivors (1024K)
 Metaspace       used 29391K, committed 29696K, reserved 1114112K
  class space    used 3664K, committed 3776K, reserved 1048576K
}
Event: 17.599 GC heap before
{Heap before GC invocations=7 (full 0):
 garbage-first heap   total 41984K, used 32538K [0x00000000c2c00000, 0x0000000100000000)
  region size 1024K, 14 young (14336K), 1 survivors (1024K)
 Metaspace       used 32249K, committed 32512K, reserved 1114112K
  class space    used 3970K, committed 4096K, reserved 1048576K
}
Event: 17.604 GC heap after
{Heap after GC invocations=8 (full 0):
 garbage-first heap   total 41984K, used 21794K [0x00000000c2c00000, 0x0000000100000000)
  region size 1024K, 2 young (2048K), 2 survivors (2048K)
 Metaspace       used 32249K, committed 32512K, reserved 1114112K
  class space    used 3970K, committed 4096K, reserved 1048576K
}

